2019-09-11 04:29:59,927 INFO 18929 [Timer] /Users/abwu/sendbox/egg-example/node_modules/egg-multipart/app/schedule/clean_tmpdir.js next time will execute after 86400076ms at 2019-09-12 04:30:00.002
2019-09-11 04:29:59,927 INFO 30300 [Job#15681473999243916974510863801] /Users/abwu/sendbox/egg-example/node_modules/egg-multipart/app/schedule/clean_tmpdir.js executing by app
2019-09-11 04:29:59,932 INFO 30300 [Job#15681473999243916974510863801] /Users/abwu/sendbox/egg-example/node_modules/egg-multipart/app/schedule/clean_tmpdir.js execute succeed, used 4ms
2019-09-11 17:21:31,698 INFO 44294 [egg-schedule]: register schedule /Users/abwu/sendbox/egg-example/node_modules/egg-multipart/app/schedule/clean_tmpdir.js
2019-09-11 17:21:31,698 INFO 44294 [egg-schedule]: register schedule /Users/abwu/sendbox/egg-example/node_modules/egg-logrotator/app/schedule/clean_log.js
2019-09-11 17:21:31,698 INFO 44294 [egg-schedule]: register schedule /Users/abwu/sendbox/egg-example/node_modules/egg-logrotator/app/schedule/rotate_by_file.js
2019-09-11 17:22:21,794 INFO 44358 [egg-schedule]: register schedule /Users/abwu/sendbox/egg-example/node_modules/egg-multipart/app/schedule/clean_tmpdir.js
2019-09-11 17:22:21,794 INFO 44358 [egg-schedule]: register schedule /Users/abwu/sendbox/egg-example/node_modules/egg-logrotator/app/schedule/clean_log.js
2019-09-11 17:22:21,794 INFO 44358 [egg-schedule]: register schedule /Users/abwu/sendbox/egg-example/node_modules/egg-logrotator/app/schedule/rotate_by_file.js
2019-09-11 17:26:42,328 INFO 44701 [egg-schedule]: register schedule /Users/abwu/sendbox/egg-example/node_modules/egg-multipart/app/schedule/clean_tmpdir.js
2019-09-11 17:26:42,328 INFO 44701 [egg-schedule]: register schedule /Users/abwu/sendbox/egg-example/node_modules/egg-logrotator/app/schedule/clean_log.js
2019-09-11 17:26:42,328 INFO 44701 [egg-schedule]: register schedule /Users/abwu/sendbox/egg-example/node_modules/egg-logrotator/app/schedule/rotate_by_file.js
2019-09-11 17:27:03,911 INFO 44752 [egg-schedule]: register schedule /Users/abwu/sendbox/egg-example/node_modules/egg-multipart/app/schedule/clean_tmpdir.js
2019-09-11 17:27:03,911 INFO 44752 [egg-schedule]: register schedule /Users/abwu/sendbox/egg-example/node_modules/egg-logrotator/app/schedule/clean_log.js
2019-09-11 17:27:03,911 INFO 44752 [egg-schedule]: register schedule /Users/abwu/sendbox/egg-example/node_modules/egg-logrotator/app/schedule/rotate_by_file.js
2019-09-11 23:59:59,781 INFO 18929 [Timer] /Users/abwu/sendbox/egg-example/node_modules/egg-logrotator/app/schedule/clean_log.js next time will execute after 86400221ms at 2019-09-13 00:00:00.002
2019-09-12 00:00:00,776 INFO 18929 [Timer] /Users/abwu/sendbox/egg-example/node_modules/egg-logrotator/app/schedule/rotate_by_file.js next time will execute after 86400226ms at 2019-09-13 00:00:01.002
2019-09-12 04:29:59,775 INFO 18929 [Timer] /Users/abwu/sendbox/egg-example/node_modules/egg-multipart/app/schedule/clean_tmpdir.js next time will execute after 86400226ms at 2019-09-13 04:30:00.001
2019-09-12 10:17:48,080 INFO 40219 [egg-schedule]: register schedule /Users/abwu/sendbox/egg-example/node_modules/egg-multipart/app/schedule/clean_tmpdir.js
2019-09-12 10:17:48,080 INFO 40219 [egg-schedule]: register schedule /Users/abwu/sendbox/egg-example/node_modules/egg-logrotator/app/schedule/clean_log.js
2019-09-12 10:17:48,080 INFO 40219 [egg-schedule]: register schedule /Users/abwu/sendbox/egg-example/node_modules/egg-logrotator/app/schedule/rotate_by_file.js
2019-09-12 10:20:02,628 INFO 40656 [egg-schedule]: register schedule /Users/abwu/sendbox/egg-example/node_modules/egg-multipart/app/schedule/clean_tmpdir.js
2019-09-12 10:20:02,628 INFO 40656 [egg-schedule]: register schedule /Users/abwu/sendbox/egg-example/node_modules/egg-logrotator/app/schedule/clean_log.js
2019-09-12 10:20:02,628 INFO 40656 [egg-schedule]: register schedule /Users/abwu/sendbox/egg-example/node_modules/egg-logrotator/app/schedule/rotate_by_file.js
2019-09-12 10:35:51,785 INFO 43310 [egg-schedule]: register schedule /Users/abwu/sendbox/egg-example/node_modules/egg-multipart/app/schedule/clean_tmpdir.js
2019-09-12 10:35:51,785 INFO 43310 [egg-schedule]: register schedule /Users/abwu/sendbox/egg-example/node_modules/egg-logrotator/app/schedule/clean_log.js
2019-09-12 10:35:51,785 INFO 43310 [egg-schedule]: register schedule /Users/abwu/sendbox/egg-example/node_modules/egg-logrotator/app/schedule/rotate_by_file.js
2019-09-12 10:39:24,201 INFO 43940 [egg-schedule]: register schedule /Users/abwu/sendbox/egg-example/node_modules/egg-multipart/app/schedule/clean_tmpdir.js
2019-09-12 10:39:24,201 INFO 43940 [egg-schedule]: register schedule /Users/abwu/sendbox/egg-example/node_modules/egg-logrotator/app/schedule/clean_log.js
2019-09-12 10:39:24,201 INFO 43940 [egg-schedule]: register schedule /Users/abwu/sendbox/egg-example/node_modules/egg-logrotator/app/schedule/rotate_by_file.js
2019-09-12 10:41:18,429 INFO 44173 [egg-schedule]: register schedule /Users/abwu/sendbox/egg-example/node_modules/egg-multipart/app/schedule/clean_tmpdir.js
2019-09-12 10:41:18,429 INFO 44173 [egg-schedule]: register schedule /Users/abwu/sendbox/egg-example/node_modules/egg-logrotator/app/schedule/clean_log.js
2019-09-12 10:41:18,429 INFO 44173 [egg-schedule]: register schedule /Users/abwu/sendbox/egg-example/node_modules/egg-logrotator/app/schedule/rotate_by_file.js
2019-09-12 10:41:34,877 INFO 44193 [egg-schedule]: register schedule /Users/abwu/sendbox/egg-example/node_modules/egg-multipart/app/schedule/clean_tmpdir.js
2019-09-12 10:41:34,877 INFO 44193 [egg-schedule]: register schedule /Users/abwu/sendbox/egg-example/node_modules/egg-logrotator/app/schedule/clean_log.js
2019-09-12 10:41:34,877 INFO 44193 [egg-schedule]: register schedule /Users/abwu/sendbox/egg-example/node_modules/egg-logrotator/app/schedule/rotate_by_file.js
2019-09-12 10:41:51,481 INFO 44233 [egg-schedule]: register schedule /Users/abwu/sendbox/egg-example/node_modules/egg-multipart/app/schedule/clean_tmpdir.js
2019-09-12 10:41:51,481 INFO 44233 [egg-schedule]: register schedule /Users/abwu/sendbox/egg-example/node_modules/egg-logrotator/app/schedule/clean_log.js
2019-09-12 10:41:51,481 INFO 44233 [egg-schedule]: register schedule /Users/abwu/sendbox/egg-example/node_modules/egg-logrotator/app/schedule/rotate_by_file.js
2019-09-12 10:44:10,728 INFO 44605 [egg-schedule]: register schedule /Users/abwu/sendbox/egg-example/node_modules/egg-multipart/app/schedule/clean_tmpdir.js
2019-09-12 10:44:10,728 INFO 44605 [egg-schedule]: register schedule /Users/abwu/sendbox/egg-example/node_modules/egg-logrotator/app/schedule/clean_log.js
2019-09-12 10:44:10,728 INFO 44605 [egg-schedule]: register schedule /Users/abwu/sendbox/egg-example/node_modules/egg-logrotator/app/schedule/rotate_by_file.js
2019-09-12 10:44:56,019 INFO 44704 [egg-schedule]: register schedule /Users/abwu/sendbox/egg-example/node_modules/egg-multipart/app/schedule/clean_tmpdir.js
2019-09-12 10:44:56,019 INFO 44704 [egg-schedule]: register schedule /Users/abwu/sendbox/egg-example/node_modules/egg-logrotator/app/schedule/clean_log.js
2019-09-12 10:44:56,019 INFO 44704 [egg-schedule]: register schedule /Users/abwu/sendbox/egg-example/node_modules/egg-logrotator/app/schedule/rotate_by_file.js
2019-09-12 10:45:14,511 INFO 44743 [egg-schedule]: register schedule /Users/abwu/sendbox/egg-example/node_modules/egg-multipart/app/schedule/clean_tmpdir.js
2019-09-12 10:45:14,511 INFO 44743 [egg-schedule]: register schedule /Users/abwu/sendbox/egg-example/node_modules/egg-logrotator/app/schedule/clean_log.js
2019-09-12 10:45:14,511 INFO 44743 [egg-schedule]: register schedule /Users/abwu/sendbox/egg-example/node_modules/egg-logrotator/app/schedule/rotate_by_file.js
2019-09-12 10:47:28,217 INFO 45011 [egg-schedule]: register schedule /Users/abwu/sendbox/egg-example/node_modules/egg-multipart/app/schedule/clean_tmpdir.js
2019-09-12 10:47:28,217 INFO 45011 [egg-schedule]: register schedule /Users/abwu/sendbox/egg-example/node_modules/egg-logrotator/app/schedule/clean_log.js
2019-09-12 10:47:28,217 INFO 45011 [egg-schedule]: register schedule /Users/abwu/sendbox/egg-example/node_modules/egg-logrotator/app/schedule/rotate_by_file.js
2019-09-12 10:47:31,805 INFO 45018 [egg-schedule]: register schedule /Users/abwu/sendbox/egg-example/node_modules/egg-multipart/app/schedule/clean_tmpdir.js
2019-09-12 10:47:31,805 INFO 45018 [egg-schedule]: register schedule /Users/abwu/sendbox/egg-example/node_modules/egg-logrotator/app/schedule/clean_log.js
2019-09-12 10:47:31,805 INFO 45018 [egg-schedule]: register schedule /Users/abwu/sendbox/egg-example/node_modules/egg-logrotator/app/schedule/rotate_by_file.js
2019-09-12 10:47:35,912 INFO 45021 [egg-schedule]: register schedule /Users/abwu/sendbox/egg-example/node_modules/egg-multipart/app/schedule/clean_tmpdir.js
2019-09-12 10:47:35,912 INFO 45021 [egg-schedule]: register schedule /Users/abwu/sendbox/egg-example/node_modules/egg-logrotator/app/schedule/clean_log.js
2019-09-12 10:47:35,912 INFO 45021 [egg-schedule]: register schedule /Users/abwu/sendbox/egg-example/node_modules/egg-logrotator/app/schedule/rotate_by_file.js
2019-09-12 10:48:37,703 INFO 45211 [egg-schedule]: register schedule /Users/abwu/sendbox/egg-example/node_modules/egg-multipart/app/schedule/clean_tmpdir.js
2019-09-12 10:48:37,703 INFO 45211 [egg-schedule]: register schedule /Users/abwu/sendbox/egg-example/node_modules/egg-logrotator/app/schedule/clean_log.js
2019-09-12 10:48:37,703 INFO 45211 [egg-schedule]: register schedule /Users/abwu/sendbox/egg-example/node_modules/egg-logrotator/app/schedule/rotate_by_file.js
2019-09-12 10:48:48,910 INFO 45260 [egg-schedule]: register schedule /Users/abwu/sendbox/egg-example/node_modules/egg-multipart/app/schedule/clean_tmpdir.js
2019-09-12 10:48:48,910 INFO 45260 [egg-schedule]: register schedule /Users/abwu/sendbox/egg-example/node_modules/egg-logrotator/app/schedule/clean_log.js
2019-09-12 10:48:48,910 INFO 45260 [egg-schedule]: register schedule /Users/abwu/sendbox/egg-example/node_modules/egg-logrotator/app/schedule/rotate_by_file.js
2019-09-12 10:54:26,572 INFO 46538 [egg-schedule]: register schedule /Users/abwu/sendbox/egg-example/node_modules/egg-multipart/app/schedule/clean_tmpdir.js
2019-09-12 10:54:26,572 INFO 46538 [egg-schedule]: register schedule /Users/abwu/sendbox/egg-example/node_modules/egg-logrotator/app/schedule/clean_log.js
2019-09-12 10:54:26,572 INFO 46538 [egg-schedule]: register schedule /Users/abwu/sendbox/egg-example/node_modules/egg-logrotator/app/schedule/rotate_by_file.js
2019-09-12 10:54:26,895 INFO 46537 [Timer] /Users/abwu/sendbox/egg-example/node_modules/egg-multipart/app/schedule/clean_tmpdir.js next time will execute after 63333107ms at 2019-09-13 04:30:00.002
2019-09-12 10:54:26,895 INFO 46537 [Timer] /Users/abwu/sendbox/egg-example/node_modules/egg-logrotator/app/schedule/clean_log.js next time will execute after 47133105ms at 2019-09-13 00:00:00.000
2019-09-12 10:54:26,896 INFO 46537 [Timer] /Users/abwu/sendbox/egg-example/node_modules/egg-logrotator/app/schedule/rotate_by_file.js next time will execute after 47134105ms at 2019-09-13 00:00:01.001
2019-09-12 10:58:01,368 INFO 47069 [egg-schedule]: register schedule /Users/abwu/sendbox/egg-example/node_modules/egg-multipart/app/schedule/clean_tmpdir.js
2019-09-12 10:58:01,368 INFO 47069 [egg-schedule]: register schedule /Users/abwu/sendbox/egg-example/node_modules/egg-logrotator/app/schedule/clean_log.js
2019-09-12 10:58:01,369 INFO 47069 [egg-schedule]: register schedule /Users/abwu/sendbox/egg-example/node_modules/egg-logrotator/app/schedule/rotate_by_file.js
2019-09-12 10:58:05,775 INFO 47070 [egg-schedule]: register schedule /Users/abwu/sendbox/egg-example/node_modules/egg-multipart/app/schedule/clean_tmpdir.js
2019-09-12 10:58:05,775 INFO 47070 [egg-schedule]: register schedule /Users/abwu/sendbox/egg-example/node_modules/egg-logrotator/app/schedule/clean_log.js
2019-09-12 10:58:05,775 INFO 47070 [egg-schedule]: register schedule /Users/abwu/sendbox/egg-example/node_modules/egg-logrotator/app/schedule/rotate_by_file.js
2019-09-12 10:59:20,681 INFO 47262 [egg-schedule]: register schedule /Users/abwu/sendbox/egg-example/node_modules/egg-multipart/app/schedule/clean_tmpdir.js
2019-09-12 10:59:20,681 INFO 47262 [egg-schedule]: register schedule /Users/abwu/sendbox/egg-example/node_modules/egg-logrotator/app/schedule/clean_log.js
2019-09-12 10:59:20,681 INFO 47262 [egg-schedule]: register schedule /Users/abwu/sendbox/egg-example/node_modules/egg-logrotator/app/schedule/rotate_by_file.js
2019-09-12 10:59:21,540 INFO 47263 [egg-schedule]: register schedule /Users/abwu/sendbox/egg-example/node_modules/egg-multipart/app/schedule/clean_tmpdir.js
2019-09-12 10:59:21,540 INFO 47263 [egg-schedule]: register schedule /Users/abwu/sendbox/egg-example/node_modules/egg-logrotator/app/schedule/clean_log.js
2019-09-12 10:59:21,540 INFO 47263 [egg-schedule]: register schedule /Users/abwu/sendbox/egg-example/node_modules/egg-logrotator/app/schedule/rotate_by_file.js
2019-09-12 11:08:05,616 INFO 48500 [egg-schedule]: register schedule /Users/abwu/sendbox/egg-example/node_modules/egg-multipart/app/schedule/clean_tmpdir.js
2019-09-12 11:08:05,617 INFO 48500 [egg-schedule]: register schedule /Users/abwu/sendbox/egg-example/node_modules/egg-logrotator/app/schedule/clean_log.js
2019-09-12 11:08:05,617 INFO 48500 [egg-schedule]: register schedule /Users/abwu/sendbox/egg-example/node_modules/egg-logrotator/app/schedule/rotate_by_file.js
2019-09-12 11:10:20,204 INFO 48805 [egg-schedule]: register schedule /Users/abwu/sendbox/egg-example/node_modules/egg-multipart/app/schedule/clean_tmpdir.js
2019-09-12 11:10:20,204 INFO 48805 [egg-schedule]: register schedule /Users/abwu/sendbox/egg-example/node_modules/egg-logrotator/app/schedule/clean_log.js
2019-09-12 11:10:20,204 INFO 48805 [egg-schedule]: register schedule /Users/abwu/sendbox/egg-example/node_modules/egg-logrotator/app/schedule/rotate_by_file.js
2019-09-12 11:11:24,441 INFO 48934 [egg-schedule]: register schedule /Users/abwu/sendbox/egg-example/node_modules/egg-multipart/app/schedule/clean_tmpdir.js
2019-09-12 11:11:24,441 INFO 48934 [egg-schedule]: register schedule /Users/abwu/sendbox/egg-example/node_modules/egg-logrotator/app/schedule/clean_log.js
2019-09-12 11:11:24,441 INFO 48934 [egg-schedule]: register schedule /Users/abwu/sendbox/egg-example/node_modules/egg-logrotator/app/schedule/rotate_by_file.js
2019-09-12 11:11:25,468 INFO 48935 [egg-schedule]: register schedule /Users/abwu/sendbox/egg-example/node_modules/egg-multipart/app/schedule/clean_tmpdir.js
2019-09-12 11:11:25,468 INFO 48935 [egg-schedule]: register schedule /Users/abwu/sendbox/egg-example/node_modules/egg-logrotator/app/schedule/clean_log.js
2019-09-12 11:11:25,468 INFO 48935 [egg-schedule]: register schedule /Users/abwu/sendbox/egg-example/node_modules/egg-logrotator/app/schedule/rotate_by_file.js
2019-09-12 11:13:41,595 INFO 49248 [egg-schedule]: register schedule /Users/abwu/sendbox/egg-example/node_modules/egg-multipart/app/schedule/clean_tmpdir.js
2019-09-12 11:13:41,595 INFO 49248 [egg-schedule]: register schedule /Users/abwu/sendbox/egg-example/node_modules/egg-logrotator/app/schedule/clean_log.js
2019-09-12 11:13:41,595 INFO 49248 [egg-schedule]: register schedule /Users/abwu/sendbox/egg-example/node_modules/egg-logrotator/app/schedule/rotate_by_file.js
2019-09-12 11:13:46,352 INFO 49280 [egg-schedule]: register schedule /Users/abwu/sendbox/egg-example/node_modules/egg-multipart/app/schedule/clean_tmpdir.js
2019-09-12 11:13:46,352 INFO 49280 [egg-schedule]: register schedule /Users/abwu/sendbox/egg-example/node_modules/egg-logrotator/app/schedule/clean_log.js
2019-09-12 11:13:46,352 INFO 49280 [egg-schedule]: register schedule /Users/abwu/sendbox/egg-example/node_modules/egg-logrotator/app/schedule/rotate_by_file.js
2019-09-12 11:13:57,513 INFO 49344 [egg-schedule]: register schedule /Users/abwu/sendbox/egg-example/node_modules/egg-multipart/app/schedule/clean_tmpdir.js
2019-09-12 11:13:57,513 INFO 49344 [egg-schedule]: register schedule /Users/abwu/sendbox/egg-example/node_modules/egg-logrotator/app/schedule/clean_log.js
2019-09-12 11:13:57,513 INFO 49344 [egg-schedule]: register schedule /Users/abwu/sendbox/egg-example/node_modules/egg-logrotator/app/schedule/rotate_by_file.js
2019-09-12 11:14:19,933 INFO 49388 [egg-schedule]: register schedule /Users/abwu/sendbox/egg-example/node_modules/egg-multipart/app/schedule/clean_tmpdir.js
2019-09-12 11:14:19,933 INFO 49388 [egg-schedule]: register schedule /Users/abwu/sendbox/egg-example/node_modules/egg-logrotator/app/schedule/clean_log.js
2019-09-12 11:14:19,933 INFO 49388 [egg-schedule]: register schedule /Users/abwu/sendbox/egg-example/node_modules/egg-logrotator/app/schedule/rotate_by_file.js
2019-09-12 11:14:24,861 INFO 49402 [egg-schedule]: register schedule /Users/abwu/sendbox/egg-example/node_modules/egg-multipart/app/schedule/clean_tmpdir.js
2019-09-12 11:14:24,861 INFO 49402 [egg-schedule]: register schedule /Users/abwu/sendbox/egg-example/node_modules/egg-logrotator/app/schedule/clean_log.js
2019-09-12 11:14:24,861 INFO 49402 [egg-schedule]: register schedule /Users/abwu/sendbox/egg-example/node_modules/egg-logrotator/app/schedule/rotate_by_file.js
2019-09-12 11:15:07,604 INFO 49470 [egg-schedule]: register schedule /Users/abwu/sendbox/egg-example/node_modules/egg-multipart/app/schedule/clean_tmpdir.js
2019-09-12 11:15:07,604 INFO 49470 [egg-schedule]: register schedule /Users/abwu/sendbox/egg-example/node_modules/egg-logrotator/app/schedule/clean_log.js
2019-09-12 11:15:07,604 INFO 49470 [egg-schedule]: register schedule /Users/abwu/sendbox/egg-example/node_modules/egg-logrotator/app/schedule/rotate_by_file.js
2019-09-12 11:15:40,551 INFO 49524 [egg-schedule]: register schedule /Users/abwu/sendbox/egg-example/node_modules/egg-multipart/app/schedule/clean_tmpdir.js
2019-09-12 11:15:40,551 INFO 49524 [egg-schedule]: register schedule /Users/abwu/sendbox/egg-example/node_modules/egg-logrotator/app/schedule/clean_log.js
2019-09-12 11:15:40,551 INFO 49524 [egg-schedule]: register schedule /Users/abwu/sendbox/egg-example/node_modules/egg-logrotator/app/schedule/rotate_by_file.js
2019-09-12 11:15:41,434 INFO 49527 [egg-schedule]: register schedule /Users/abwu/sendbox/egg-example/node_modules/egg-multipart/app/schedule/clean_tmpdir.js
2019-09-12 11:15:41,434 INFO 49527 [egg-schedule]: register schedule /Users/abwu/sendbox/egg-example/node_modules/egg-logrotator/app/schedule/clean_log.js
2019-09-12 11:15:41,434 INFO 49527 [egg-schedule]: register schedule /Users/abwu/sendbox/egg-example/node_modules/egg-logrotator/app/schedule/rotate_by_file.js
2019-09-12 11:15:45,644 INFO 49569 [egg-schedule]: register schedule /Users/abwu/sendbox/egg-example/node_modules/egg-multipart/app/schedule/clean_tmpdir.js
2019-09-12 11:15:45,644 INFO 49569 [egg-schedule]: register schedule /Users/abwu/sendbox/egg-example/node_modules/egg-logrotator/app/schedule/clean_log.js
2019-09-12 11:15:45,644 INFO 49569 [egg-schedule]: register schedule /Users/abwu/sendbox/egg-example/node_modules/egg-logrotator/app/schedule/rotate_by_file.js
2019-09-12 11:16:21,797 INFO 49647 [egg-schedule]: register schedule /Users/abwu/sendbox/egg-example/node_modules/egg-multipart/app/schedule/clean_tmpdir.js
2019-09-12 11:16:21,797 INFO 49647 [egg-schedule]: register schedule /Users/abwu/sendbox/egg-example/node_modules/egg-logrotator/app/schedule/clean_log.js
2019-09-12 11:16:21,797 INFO 49647 [egg-schedule]: register schedule /Users/abwu/sendbox/egg-example/node_modules/egg-logrotator/app/schedule/rotate_by_file.js
2019-09-12 11:16:31,004 INFO 49661 [egg-schedule]: register schedule /Users/abwu/sendbox/egg-example/node_modules/egg-multipart/app/schedule/clean_tmpdir.js
2019-09-12 11:16:31,004 INFO 49661 [egg-schedule]: register schedule /Users/abwu/sendbox/egg-example/node_modules/egg-logrotator/app/schedule/clean_log.js
2019-09-12 11:16:31,004 INFO 49661 [egg-schedule]: register schedule /Users/abwu/sendbox/egg-example/node_modules/egg-logrotator/app/schedule/rotate_by_file.js
2019-09-12 11:19:17,919 INFO 50086 [egg-schedule]: register schedule /Users/abwu/sendbox/egg-example/node_modules/egg-multipart/app/schedule/clean_tmpdir.js
2019-09-12 11:19:17,919 INFO 50086 [egg-schedule]: register schedule /Users/abwu/sendbox/egg-example/node_modules/egg-logrotator/app/schedule/clean_log.js
2019-09-12 11:19:17,919 INFO 50086 [egg-schedule]: register schedule /Users/abwu/sendbox/egg-example/node_modules/egg-logrotator/app/schedule/rotate_by_file.js
2019-09-12 11:19:18,798 INFO 50087 [egg-schedule]: register schedule /Users/abwu/sendbox/egg-example/node_modules/egg-multipart/app/schedule/clean_tmpdir.js
2019-09-12 11:19:18,798 INFO 50087 [egg-schedule]: register schedule /Users/abwu/sendbox/egg-example/node_modules/egg-logrotator/app/schedule/clean_log.js
2019-09-12 11:19:18,798 INFO 50087 [egg-schedule]: register schedule /Users/abwu/sendbox/egg-example/node_modules/egg-logrotator/app/schedule/rotate_by_file.js
2019-09-12 11:20:40,207 INFO 50292 [egg-schedule]: register schedule /Users/abwu/sendbox/egg-example/node_modules/egg-multipart/app/schedule/clean_tmpdir.js
2019-09-12 11:20:40,207 INFO 50292 [egg-schedule]: register schedule /Users/abwu/sendbox/egg-example/node_modules/egg-logrotator/app/schedule/clean_log.js
2019-09-12 11:20:40,207 INFO 50292 [egg-schedule]: register schedule /Users/abwu/sendbox/egg-example/node_modules/egg-logrotator/app/schedule/rotate_by_file.js
2019-09-12 11:20:46,735 INFO 50314 [egg-schedule]: register schedule /Users/abwu/sendbox/egg-example/node_modules/egg-multipart/app/schedule/clean_tmpdir.js
2019-09-12 11:20:46,735 INFO 50314 [egg-schedule]: register schedule /Users/abwu/sendbox/egg-example/node_modules/egg-logrotator/app/schedule/clean_log.js
2019-09-12 11:20:46,735 INFO 50314 [egg-schedule]: register schedule /Users/abwu/sendbox/egg-example/node_modules/egg-logrotator/app/schedule/rotate_by_file.js
2019-09-12 11:20:47,636 INFO 50315 [egg-schedule]: register schedule /Users/abwu/sendbox/egg-example/node_modules/egg-multipart/app/schedule/clean_tmpdir.js
2019-09-12 11:20:47,636 INFO 50315 [egg-schedule]: register schedule /Users/abwu/sendbox/egg-example/node_modules/egg-logrotator/app/schedule/clean_log.js
2019-09-12 11:20:47,636 INFO 50315 [egg-schedule]: register schedule /Users/abwu/sendbox/egg-example/node_modules/egg-logrotator/app/schedule/rotate_by_file.js
2019-09-12 11:21:22,470 INFO 50389 [egg-schedule]: register schedule /Users/abwu/sendbox/egg-example/node_modules/egg-multipart/app/schedule/clean_tmpdir.js
2019-09-12 11:21:22,470 INFO 50389 [egg-schedule]: register schedule /Users/abwu/sendbox/egg-example/node_modules/egg-logrotator/app/schedule/clean_log.js
2019-09-12 11:21:22,470 INFO 50389 [egg-schedule]: register schedule /Users/abwu/sendbox/egg-example/node_modules/egg-logrotator/app/schedule/rotate_by_file.js
2019-09-12 11:21:23,352 INFO 50391 [egg-schedule]: register schedule /Users/abwu/sendbox/egg-example/node_modules/egg-multipart/app/schedule/clean_tmpdir.js
2019-09-12 11:21:23,352 INFO 50391 [egg-schedule]: register schedule /Users/abwu/sendbox/egg-example/node_modules/egg-logrotator/app/schedule/clean_log.js
2019-09-12 11:21:23,352 INFO 50391 [egg-schedule]: register schedule /Users/abwu/sendbox/egg-example/node_modules/egg-logrotator/app/schedule/rotate_by_file.js
2019-09-12 11:22:44,392 INFO 50584 [egg-schedule]: register schedule /Users/abwu/sendbox/egg-example/node_modules/egg-multipart/app/schedule/clean_tmpdir.js
2019-09-12 11:22:44,392 INFO 50584 [egg-schedule]: register schedule /Users/abwu/sendbox/egg-example/node_modules/egg-logrotator/app/schedule/clean_log.js
2019-09-12 11:22:44,392 INFO 50584 [egg-schedule]: register schedule /Users/abwu/sendbox/egg-example/node_modules/egg-logrotator/app/schedule/rotate_by_file.js
2019-09-12 11:22:45,494 INFO 50586 [egg-schedule]: register schedule /Users/abwu/sendbox/egg-example/node_modules/egg-multipart/app/schedule/clean_tmpdir.js
2019-09-12 11:22:45,494 INFO 50586 [egg-schedule]: register schedule /Users/abwu/sendbox/egg-example/node_modules/egg-logrotator/app/schedule/clean_log.js
2019-09-12 11:22:45,494 INFO 50586 [egg-schedule]: register schedule /Users/abwu/sendbox/egg-example/node_modules/egg-logrotator/app/schedule/rotate_by_file.js
2019-09-12 11:23:52,061 INFO 50727 [egg-schedule]: register schedule /Users/abwu/sendbox/egg-example/node_modules/egg-multipart/app/schedule/clean_tmpdir.js
2019-09-12 11:23:52,061 INFO 50727 [egg-schedule]: register schedule /Users/abwu/sendbox/egg-example/node_modules/egg-logrotator/app/schedule/clean_log.js
2019-09-12 11:23:52,061 INFO 50727 [egg-schedule]: register schedule /Users/abwu/sendbox/egg-example/node_modules/egg-logrotator/app/schedule/rotate_by_file.js
2019-09-12 11:23:55,736 INFO 50740 [egg-schedule]: register schedule /Users/abwu/sendbox/egg-example/node_modules/egg-multipart/app/schedule/clean_tmpdir.js
2019-09-12 11:23:55,737 INFO 50740 [egg-schedule]: register schedule /Users/abwu/sendbox/egg-example/node_modules/egg-logrotator/app/schedule/clean_log.js
2019-09-12 11:23:55,737 INFO 50740 [egg-schedule]: register schedule /Users/abwu/sendbox/egg-example/node_modules/egg-logrotator/app/schedule/rotate_by_file.js
2019-09-12 11:27:58,060 INFO 51336 [egg-schedule]: register schedule /Users/abwu/sendbox/egg-example/node_modules/egg-multipart/app/schedule/clean_tmpdir.js
2019-09-12 11:27:58,060 INFO 51336 [egg-schedule]: register schedule /Users/abwu/sendbox/egg-example/node_modules/egg-logrotator/app/schedule/clean_log.js
2019-09-12 11:27:58,060 INFO 51336 [egg-schedule]: register schedule /Users/abwu/sendbox/egg-example/node_modules/egg-logrotator/app/schedule/rotate_by_file.js
2019-09-12 11:33:11,877 INFO 52045 [egg-schedule]: register schedule /Users/abwu/sendbox/egg-example/node_modules/egg-multipart/app/schedule/clean_tmpdir.js
2019-09-12 11:33:11,877 INFO 52045 [egg-schedule]: register schedule /Users/abwu/sendbox/egg-example/node_modules/egg-logrotator/app/schedule/clean_log.js
2019-09-12 11:33:11,877 INFO 52045 [egg-schedule]: register schedule /Users/abwu/sendbox/egg-example/node_modules/egg-logrotator/app/schedule/rotate_by_file.js
2019-09-12 11:33:44,597 INFO 52163 [egg-schedule]: register schedule /Users/abwu/sendbox/egg-example/node_modules/egg-multipart/app/schedule/clean_tmpdir.js
2019-09-12 11:33:44,597 INFO 52163 [egg-schedule]: register schedule /Users/abwu/sendbox/egg-example/node_modules/egg-logrotator/app/schedule/clean_log.js
2019-09-12 11:33:44,597 INFO 52163 [egg-schedule]: register schedule /Users/abwu/sendbox/egg-example/node_modules/egg-logrotator/app/schedule/rotate_by_file.js
2019-09-12 11:34:12,681 INFO 52239 [egg-schedule]: register schedule /Users/abwu/sendbox/egg-example/node_modules/egg-multipart/app/schedule/clean_tmpdir.js
2019-09-12 11:34:12,681 INFO 52239 [egg-schedule]: register schedule /Users/abwu/sendbox/egg-example/node_modules/egg-logrotator/app/schedule/clean_log.js
2019-09-12 11:34:12,681 INFO 52239 [egg-schedule]: register schedule /Users/abwu/sendbox/egg-example/node_modules/egg-logrotator/app/schedule/rotate_by_file.js
2019-09-12 11:36:14,737 INFO 52489 [egg-schedule]: register schedule /Users/abwu/sendbox/egg-example/node_modules/egg-multipart/app/schedule/clean_tmpdir.js
2019-09-12 11:36:14,737 INFO 52489 [egg-schedule]: register schedule /Users/abwu/sendbox/egg-example/node_modules/egg-logrotator/app/schedule/clean_log.js
2019-09-12 11:36:14,737 INFO 52489 [egg-schedule]: register schedule /Users/abwu/sendbox/egg-example/node_modules/egg-logrotator/app/schedule/rotate_by_file.js
2019-09-12 11:41:21,605 INFO 53175 [egg-schedule]: register schedule /Users/abwu/sendbox/egg-example/node_modules/egg-multipart/app/schedule/clean_tmpdir.js
2019-09-12 11:41:21,605 INFO 53175 [egg-schedule]: register schedule /Users/abwu/sendbox/egg-example/node_modules/egg-logrotator/app/schedule/clean_log.js
2019-09-12 11:41:21,605 INFO 53175 [egg-schedule]: register schedule /Users/abwu/sendbox/egg-example/node_modules/egg-logrotator/app/schedule/rotate_by_file.js
2019-09-12 11:41:44,371 INFO 53224 [egg-schedule]: register schedule /Users/abwu/sendbox/egg-example/node_modules/egg-multipart/app/schedule/clean_tmpdir.js
2019-09-12 11:41:44,371 INFO 53224 [egg-schedule]: register schedule /Users/abwu/sendbox/egg-example/node_modules/egg-logrotator/app/schedule/clean_log.js
2019-09-12 11:41:44,371 INFO 53224 [egg-schedule]: register schedule /Users/abwu/sendbox/egg-example/node_modules/egg-logrotator/app/schedule/rotate_by_file.js
2019-09-12 14:12:52,315 INFO 73610 [Timer] /Users/abwu/sendbox/egg-example/node_modules/egg-multipart/app/schedule/clean_tmpdir.js next time will execute after 51427687ms at 2019-09-13 04:30:00.002
2019-09-12 14:12:52,316 INFO 73610 [Timer] /Users/abwu/sendbox/egg-example/node_modules/egg-logrotator/app/schedule/clean_log.js next time will execute after 35227684ms at 2019-09-13 00:00:00.000
2019-09-12 14:12:52,316 INFO 73610 [Timer] /Users/abwu/sendbox/egg-example/node_modules/egg-logrotator/app/schedule/rotate_by_file.js next time will execute after 35228684ms at 2019-09-13 00:00:01.000
2019-09-12 14:12:52,005 INFO 73611 [egg-schedule]: register schedule /Users/abwu/sendbox/egg-example/node_modules/egg-multipart/app/schedule/clean_tmpdir.js
2019-09-12 14:12:52,005 INFO 73611 [egg-schedule]: register schedule /Users/abwu/sendbox/egg-example/node_modules/egg-logrotator/app/schedule/clean_log.js
2019-09-12 14:12:52,005 INFO 73611 [egg-schedule]: register schedule /Users/abwu/sendbox/egg-example/node_modules/egg-logrotator/app/schedule/rotate_by_file.js
2019-09-12 14:18:07,165 INFO 74330 [egg-schedule]: register schedule /Users/abwu/sendbox/egg-example/node_modules/egg-multipart/app/schedule/clean_tmpdir.js
2019-09-12 14:18:07,165 INFO 74330 [egg-schedule]: register schedule /Users/abwu/sendbox/egg-example/node_modules/egg-logrotator/app/schedule/clean_log.js
2019-09-12 14:18:07,165 INFO 74330 [egg-schedule]: register schedule /Users/abwu/sendbox/egg-example/node_modules/egg-logrotator/app/schedule/rotate_by_file.js
2019-09-12 14:21:06,354 INFO 74760 [egg-schedule]: register schedule /Users/abwu/sendbox/egg-example/node_modules/egg-multipart/app/schedule/clean_tmpdir.js
2019-09-12 14:21:06,354 INFO 74760 [egg-schedule]: register schedule /Users/abwu/sendbox/egg-example/node_modules/egg-logrotator/app/schedule/clean_log.js
2019-09-12 14:21:06,354 INFO 74760 [egg-schedule]: register schedule /Users/abwu/sendbox/egg-example/node_modules/egg-logrotator/app/schedule/rotate_by_file.js
2019-09-12 14:30:52,216 INFO 76384 [egg-schedule]: register schedule /Users/abwu/sendbox/egg-example/node_modules/egg-multipart/app/schedule/clean_tmpdir.js
2019-09-12 14:30:52,216 INFO 76384 [egg-schedule]: register schedule /Users/abwu/sendbox/egg-example/node_modules/egg-logrotator/app/schedule/clean_log.js
2019-09-12 14:30:52,216 INFO 76384 [egg-schedule]: register schedule /Users/abwu/sendbox/egg-example/node_modules/egg-logrotator/app/schedule/rotate_by_file.js
2019-09-12 14:32:15,696 INFO 76613 [egg-schedule]: register schedule /Users/abwu/sendbox/egg-example/node_modules/egg-multipart/app/schedule/clean_tmpdir.js
2019-09-12 14:32:15,696 INFO 76613 [egg-schedule]: register schedule /Users/abwu/sendbox/egg-example/node_modules/egg-logrotator/app/schedule/clean_log.js
2019-09-12 14:32:15,696 INFO 76613 [egg-schedule]: register schedule /Users/abwu/sendbox/egg-example/node_modules/egg-logrotator/app/schedule/rotate_by_file.js
2019-09-12 15:48:00,152 INFO 88255 [egg-schedule]: register schedule /Users/abwu/sendbox/egg-example/node_modules/egg-multipart/app/schedule/clean_tmpdir.js
2019-09-12 15:48:00,152 INFO 88255 [egg-schedule]: register schedule /Users/abwu/sendbox/egg-example/node_modules/egg-logrotator/app/schedule/clean_log.js
2019-09-12 15:48:00,152 INFO 88255 [egg-schedule]: register schedule /Users/abwu/sendbox/egg-example/node_modules/egg-logrotator/app/schedule/rotate_by_file.js
2019-09-12 15:50:31,739 INFO 88653 [egg-schedule]: register schedule /Users/abwu/sendbox/egg-example/node_modules/egg-multipart/app/schedule/clean_tmpdir.js
2019-09-12 15:50:31,739 INFO 88653 [egg-schedule]: register schedule /Users/abwu/sendbox/egg-example/node_modules/egg-logrotator/app/schedule/clean_log.js
2019-09-12 15:50:31,739 INFO 88653 [egg-schedule]: register schedule /Users/abwu/sendbox/egg-example/node_modules/egg-logrotator/app/schedule/rotate_by_file.js
2019-09-12 15:50:55,916 INFO 88730 [egg-schedule]: register schedule /Users/abwu/sendbox/egg-example/node_modules/egg-multipart/app/schedule/clean_tmpdir.js
2019-09-12 15:50:55,916 INFO 88730 [egg-schedule]: register schedule /Users/abwu/sendbox/egg-example/node_modules/egg-logrotator/app/schedule/clean_log.js
2019-09-12 15:50:55,916 INFO 88730 [egg-schedule]: register schedule /Users/abwu/sendbox/egg-example/node_modules/egg-logrotator/app/schedule/rotate_by_file.js
2019-09-12 15:50:58,076 INFO 88731 [egg-schedule]: register schedule /Users/abwu/sendbox/egg-example/node_modules/egg-multipart/app/schedule/clean_tmpdir.js
2019-09-12 15:50:58,076 INFO 88731 [egg-schedule]: register schedule /Users/abwu/sendbox/egg-example/node_modules/egg-logrotator/app/schedule/clean_log.js
2019-09-12 15:50:58,076 INFO 88731 [egg-schedule]: register schedule /Users/abwu/sendbox/egg-example/node_modules/egg-logrotator/app/schedule/rotate_by_file.js
2019-09-12 15:51:00,771 INFO 88732 [egg-schedule]: register schedule /Users/abwu/sendbox/egg-example/node_modules/egg-multipart/app/schedule/clean_tmpdir.js
2019-09-12 15:51:00,771 INFO 88732 [egg-schedule]: register schedule /Users/abwu/sendbox/egg-example/node_modules/egg-logrotator/app/schedule/clean_log.js
2019-09-12 15:51:00,771 INFO 88732 [egg-schedule]: register schedule /Users/abwu/sendbox/egg-example/node_modules/egg-logrotator/app/schedule/rotate_by_file.js
2019-09-12 15:53:59,646 INFO 89137 [egg-schedule]: register schedule /Users/abwu/sendbox/egg-example/node_modules/egg-multipart/app/schedule/clean_tmpdir.js
2019-09-12 15:53:59,646 INFO 89137 [egg-schedule]: register schedule /Users/abwu/sendbox/egg-example/node_modules/egg-logrotator/app/schedule/clean_log.js
2019-09-12 15:53:59,646 INFO 89137 [egg-schedule]: register schedule /Users/abwu/sendbox/egg-example/node_modules/egg-logrotator/app/schedule/rotate_by_file.js
2019-09-12 16:01:15,054 INFO 91106 [Timer] /Users/abwu/sendbox/egg-example/node_modules/egg-multipart/app/schedule/clean_tmpdir.js next time will execute after 44924950ms at 2019-09-13 04:30:00.004
2019-09-12 16:01:15,054 INFO 91106 [Timer] /Users/abwu/sendbox/egg-example/node_modules/egg-logrotator/app/schedule/clean_log.js next time will execute after 28724946ms at 2019-09-13 00:00:00.000
2019-09-12 16:01:15,054 INFO 91106 [Timer] /Users/abwu/sendbox/egg-example/node_modules/egg-logrotator/app/schedule/rotate_by_file.js next time will execute after 28725946ms at 2019-09-13 00:00:01.000
2019-09-12 16:01:14,766 INFO 91111 [egg-schedule]: register schedule /Users/abwu/sendbox/egg-example/node_modules/egg-multipart/app/schedule/clean_tmpdir.js
2019-09-12 16:01:14,766 INFO 91111 [egg-schedule]: register schedule /Users/abwu/sendbox/egg-example/node_modules/egg-logrotator/app/schedule/clean_log.js
2019-09-12 16:01:14,766 INFO 91111 [egg-schedule]: register schedule /Users/abwu/sendbox/egg-example/node_modules/egg-logrotator/app/schedule/rotate_by_file.js
2019-09-12 16:02:27,582 INFO 91493 [egg-schedule]: register schedule /Users/abwu/sendbox/egg-example/node_modules/egg-multipart/app/schedule/clean_tmpdir.js
2019-09-12 16:02:27,582 INFO 91493 [egg-schedule]: register schedule /Users/abwu/sendbox/egg-example/node_modules/egg-logrotator/app/schedule/clean_log.js
2019-09-12 16:02:27,582 INFO 91493 [egg-schedule]: register schedule /Users/abwu/sendbox/egg-example/node_modules/egg-logrotator/app/schedule/rotate_by_file.js
2019-09-12 16:02:27,862 INFO 91492 [Timer] /Users/abwu/sendbox/egg-example/node_modules/egg-multipart/app/schedule/clean_tmpdir.js next time will execute after 44852140ms at 2019-09-13 04:30:00.002
2019-09-12 16:02:27,862 INFO 91492 [Timer] /Users/abwu/sendbox/egg-example/node_modules/egg-logrotator/app/schedule/clean_log.js next time will execute after 28652138ms at 2019-09-13 00:00:00.000
2019-09-12 16:02:27,862 INFO 91492 [Timer] /Users/abwu/sendbox/egg-example/node_modules/egg-logrotator/app/schedule/rotate_by_file.js next time will execute after 28653138ms at 2019-09-13 00:00:01.000
2019-09-12 16:19:24,973 INFO 94036 [egg-schedule]: register schedule /Users/abwu/sendbox/egg-example/node_modules/egg-multipart/app/schedule/clean_tmpdir.js
2019-09-12 16:19:24,973 INFO 94036 [egg-schedule]: register schedule /Users/abwu/sendbox/egg-example/node_modules/egg-logrotator/app/schedule/clean_log.js
2019-09-12 16:19:24,974 INFO 94036 [egg-schedule]: register schedule /Users/abwu/sendbox/egg-example/node_modules/egg-logrotator/app/schedule/rotate_by_file.js
2019-09-12 16:19:40,822 INFO 94220 [Timer] /Users/abwu/sendbox/egg-example/node_modules/egg-multipart/app/schedule/clean_tmpdir.js next time will execute after 43819182ms at 2019-09-13 04:30:00.003
2019-09-12 16:19:40,822 INFO 94220 [Timer] /Users/abwu/sendbox/egg-example/node_modules/egg-logrotator/app/schedule/clean_log.js next time will execute after 27619178ms at 2019-09-13 00:00:00.000
2019-09-12 16:19:40,822 INFO 94220 [Timer] /Users/abwu/sendbox/egg-example/node_modules/egg-logrotator/app/schedule/rotate_by_file.js next time will execute after 27620178ms at 2019-09-13 00:00:01.000
2019-09-12 16:19:40,498 INFO 94221 [egg-schedule]: register schedule /Users/abwu/sendbox/egg-example/node_modules/egg-multipart/app/schedule/clean_tmpdir.js
2019-09-12 16:19:40,498 INFO 94221 [egg-schedule]: register schedule /Users/abwu/sendbox/egg-example/node_modules/egg-logrotator/app/schedule/clean_log.js
2019-09-12 16:19:40,498 INFO 94221 [egg-schedule]: register schedule /Users/abwu/sendbox/egg-example/node_modules/egg-logrotator/app/schedule/rotate_by_file.js
2019-09-12 16:27:53,835 INFO 95432 [egg-schedule]: register schedule /Users/abwu/sendbox/egg-example/node_modules/egg-multipart/app/schedule/clean_tmpdir.js
2019-09-12 16:27:53,835 INFO 95432 [egg-schedule]: register schedule /Users/abwu/sendbox/egg-example/node_modules/egg-logrotator/app/schedule/clean_log.js
2019-09-12 16:27:53,835 INFO 95432 [egg-schedule]: register schedule /Users/abwu/sendbox/egg-example/node_modules/egg-logrotator/app/schedule/rotate_by_file.js
